<?xml version="1.0" encoding="UTF-8"?>
<!-- Generated by org.testng.reporters.JUnitReportReporter -->
<testsuite hostname="DESKTOP-VPGHG5J" failures="0" tests="1" name="testPackage.TestFoodOrderFlow" time="9.367" errors="0" timestamp="2025-04-05T21:08:20 IST" skipped="0">
  <testcase classname="testPackage.TestFoodOrderFlow" name="foodOrderingFlow" time="9.367"/>
</testsuite> <!-- testPackage.TestFoodOrderFlow -->
